C51 COMPILER V9.54   ADC                                                                   12/14/2019 12:55:28 PAGE 1   


C51 COMPILER V9.54, COMPILATION OF MODULE ADC
OBJECT MODULE PLACED IN .\Objects\ADC.obj
COMPILER INVOKED BY: G:\keil\C51\BIN\C51.EXE ADC.c LARGE OPTIMIZE(8,SPEED) BROWSE DEBUG OBJECTEXTEND PRINT(.\Listings\AD
                    -C.lst) TABS(2) OBJECT(.\Objects\ADC.obj)

line level    source

   1          #include "ADC.h"
   2          #define N 5
   3          
   4          
   5          /*----------------------------
   6          读取ADC结果
   7          ----------------------------*/
   8          float GetADCResult(BYTE ch)
   9          {
  10   1          ADC_CONTR = ADC_POWER | ADC_SPEEDHH | ch | ADC_START;
  11   1          _nop_();                        //等待4个NOP
  12   1          _nop_();
  13   1          _nop_();
  14   1          _nop_();
  15   1          while (!(ADC_CONTR & ADC_FLAG));//等待ADC转换完成
  16   1          ADC_CONTR &= ~ADC_FLAG;         //Close ADC
  17   1          return ADC_RES*50;                 //返回ADC结果
  18   1      }
  19          
  20          float ADC_MAX(BYTE ch)
  21          {
  22   1        int i;
  23   1        float temp=0.0,max=0.0;
  24   1        for(i=0;i<N;i++)
  25   1        {
  26   2          temp = GetADCResult(ch);
  27   2          if(temp>max)
  28   2            max=temp;
  29   2        }
  30   1      //  Send_ADC_Data('M',max);
  31   1        return max;
  32   1      }
  33          
  34          /*----------------------------
  35          初始化ADC
  36          ----------------------------*/
  37          void InitADC()
  38          {
  39   1          P1ASF = 0xff;                   //设置P1口为AD口
  40   1          ADC_RES = 0;                    //清除结果寄存器
  41   1          ADC_CONTR = ADC_POWER | ADC_SPEEDHH;
  42   1        delay(10);
  43   1      }
  44          
  45          void SendData(BYTE dat)
  46          {
  47   1          ACC = dat;                  //获取校验位P (PSW.0)
  48   1          SBUF = ACC;                 //写数据到UART数据寄存器
  49   1        while(TI==0);       //等待数据发送完成
  50   1        TI=0;           //清除发送位
  51   1      }
  52          
  53          void Send_ADC_Data(BYTE ch,float ADC_Data)
  54          {
C51 COMPILER V9.54   ADC                                                                   12/14/2019 12:55:28 PAGE 2   

  55   1        int INT_DATA = (int)(ADC_Data);
  56   1        int Data[5];
  57   1        Data[0] = INT_DATA/100000%10;
  58   1        Data[1] = INT_DATA/1000%10;
  59   1        Data[2] = INT_DATA/100%10;
  60   1        Data[3] = INT_DATA/10%10;
  61   1        Data[4] = INT_DATA/1%10;
  62   1        SendData(ch);
  63   1        SendData('A');
  64   1        SendData('D');
  65   1        SendData('C');
  66   1        SendData(' ');
  67   1        SendData(Data[0]+'0');
  68   1        SendData(Data[1]+'0');
  69   1        SendData(Data[2]+'0');
  70   1        SendData(Data[3]+'0');
  71   1        SendData(Data[4]+'0');
  72   1        SendData('a');
  73   1        SendData('\n');
  74   1      //  SendData(Data[0]+'0');
  75   1      //  SendData(Data[1]+'0');
  76   1      //  SendData(Data[2]+'0');
  77   1      //  SendData(Data[3]+'0');
  78   1      //  SendData(Data[4]+'0');
  79   1      //  SendData(',');
  80   1      }
  81          void delay(int i)
  82          {
  83   1        int temp;
  84   1        for(temp=0;temp/10<i;temp++);
  85   1      }


MODULE INFORMATION:   STATIC OVERLAYABLE
   CODE SIZE        =    481    ----
   CONSTANT SIZE    =   ----    ----
   XDATA SIZE       =   ----      28
   PDATA SIZE       =   ----    ----
   DATA SIZE        =   ----    ----
   IDATA SIZE       =   ----    ----
   BIT SIZE         =   ----    ----
END OF MODULE INFORMATION.


C51 COMPILATION COMPLETE.  0 WARNING(S),  0 ERROR(S)
